<?xml version="1.0" encoding="UTF-8"?>
<!-- Generated by org.testng.reporters.JUnitReportReporter -->
<testsuite hostname="Bindu" failures="0" tests="1" name="computers.TC_DTS_002_Test" time="5.111" errors="0" timestamp="2024-07-16T14:40:33 IST" skipped="0">
  <testcase classname="computers.TC_DTS_002_Test" name="clickComputer" time="5.111"/>
  <system-out>
    <![CDATA[computer page is displayed]]>
  </system-out>
</testsuite> <!-- computers.TC_DTS_002_Test -->
