<?xml version="1.0" encoding="UTF-8"?>
<!-- Generated by org.testng.reporters.JUnitReportReporter -->
<testsuite hostname="Bindu" failures="0" tests="1" name="books.booksTest" time="7.042" errors="0" timestamp="2024-07-15T22:06:47 IST" skipped="0">
  <testcase classname="books.booksTest" name="clickBooks" time="7.042"/>
  <system-out>
    <![CDATA[book page is displayed]]>
  </system-out>
</testsuite> <!-- books.booksTest -->
