<?xml version="1.0" encoding="UTF-8"?>
<!-- Generated by org.testng.reporters.JUnitReportReporter -->
<testsuite hostname="Bindu" failures="0" tests="1" name="electronic.TC_DTS_003_Test" time="6.943" errors="0" timestamp="2024-07-16T14:50:30 IST" skipped="0">
  <testcase classname="electronic.TC_DTS_003_Test" name="clickElectronic" time="6.943"/>
  <system-out>
    <![CDATA[computer page is displayed]]>
  </system-out>
</testsuite> <!-- electronic.TC_DTS_003_Test -->
