<?xml version="1.0" encoding="UTF-8"?>
<!-- Generated by org.testng.reporters.JUnitReportReporter -->
<testsuite hostname="Bindu" failures="0" tests="1" name="books.TC_DTS_001_Test" time="7.147" errors="0" timestamp="2024-07-17T12:46:29 IST" skipped="0">
  <testcase classname="books.TC_DTS_001_Test" name="clickBooks" time="7.147"/>
  <system-out/>
</testsuite> <!-- books.TC_DTS_001_Test -->
