<?xml version="1.0" encoding="UTF-8"?>
<!-- Generated by org.testng.reporters.JUnitReportReporter -->
<testsuite hostname="Bindu" failures="0" tests="1" name="addtoproduct.TC_DTS_004_Test" time="9.937" errors="0" timestamp="2024-07-17T13:14:53 IST" skipped="0">
  <testcase classname="addtoproduct.TC_DTS_004_Test" name="addToCart" time="9.937"/>
  <system-out/>
</testsuite> <!-- addtoproduct.TC_DTS_004_Test -->
